<?xml version="1.0" encoding="UTF-8"?>
<testng-results ignored="0" total="20" passed="20" failed="0" skipped="0">
  <reporter-output>
  </reporter-output>
  <suite started-at="2024-11-05T00:59:57 GMT" name="flight-reservation" finished-at="2024-11-05T01:00:08 GMT" duration-ms="11087">
    <groups>
    </groups>
    <test started-at="2024-11-05T00:59:57 GMT" name="passengers-count-1" finished-at="2024-11-05T01:00:07 GMT" duration-ms="10009">
      <class name="org.example.tests.flightreservation.FlightReservationTest">
        <test-method is-config="true" signature="setDriver(org.testng.ITestContext)[pri:0, instance:org.example.tests.flightreservation.FlightReservationTest@1acaf3d]" started-at="2024-11-05T00:59:57 GMT" name="setDriver" finished-at="2024-11-05T01:00:00 GMT" duration-ms="2773" status="PASS">
          <params>
            <param index="0">
              <value>
                <![CDATA[org.testng.TestRunner@6c2c1385]]>
              </value>
            </param>
          </params>
          <reporter-output>
          </reporter-output>
        </test-method> <!-- setDriver -->
        <test-method is-config="true" signature="setParameters(java.lang.String)[pri:0, instance:org.example.tests.flightreservation.FlightReservationTest@1acaf3d]" started-at="2024-11-05T01:00:00 GMT" name="setParameters" finished-at="2024-11-05T01:00:00 GMT" depends-on-methods="org.example.tests.AbstractTest.setDriver" duration-ms="260" status="PASS">
          <params>
            <param index="0">
              <value>
                <![CDATA[test-data/flight-reservation/passenger-1.json]]>
              </value>
            </param>
          </params>
          <reporter-output>
          </reporter-output>
        </test-method> <!-- setParameters -->
        <test-method signature="userRegistrationTest()[pri:0, instance:org.example.tests.flightreservation.FlightReservationTest@1acaf3d]" started-at="2024-11-05T01:00:00 GMT" name="userRegistrationTest" finished-at="2024-11-05T01:00:02 GMT" duration-ms="2130" status="PASS">
          <reporter-output>
          </reporter-output>
        </test-method> <!-- userRegistrationTest -->
        <test-method signature="registrationConfirmationTest()[pri:0, instance:org.example.tests.flightreservation.FlightReservationTest@1acaf3d]" started-at="2024-11-05T01:00:02 GMT" name="registrationConfirmationTest" finished-at="2024-11-05T01:00:03 GMT" depends-on-methods="org.example.tests.flightreservation.FlightReservationTest.userRegistrationTest" duration-ms="792" status="PASS">
          <reporter-output>
          </reporter-output>
        </test-method> <!-- registrationConfirmationTest -->
        <test-method signature="flightsSearchTest()[pri:0, instance:org.example.tests.flightreservation.FlightReservationTest@1acaf3d]" started-at="2024-11-05T01:00:03 GMT" name="flightsSearchTest" finished-at="2024-11-05T01:00:05 GMT" depends-on-methods="org.example.tests.flightreservation.FlightReservationTest.registrationConfirmationTest" duration-ms="1907" status="PASS">
          <reporter-output>
          </reporter-output>
        </test-method> <!-- flightsSearchTest -->
        <test-method signature="flightsSelectionTest()[pri:0, instance:org.example.tests.flightreservation.FlightReservationTest@1acaf3d]" started-at="2024-11-05T01:00:05 GMT" name="flightsSelectionTest" finished-at="2024-11-05T01:00:07 GMT" depends-on-methods="org.example.tests.flightreservation.FlightReservationTest.flightsSearchTest" duration-ms="1370" status="PASS">
          <reporter-output>
          </reporter-output>
        </test-method> <!-- flightsSelectionTest -->
        <test-method signature="flightReservationConfirmationTest()[pri:0, instance:org.example.tests.flightreservation.FlightReservationTest@1acaf3d]" started-at="2024-11-05T01:00:07 GMT" name="flightReservationConfirmationTest" finished-at="2024-11-05T01:00:07 GMT" depends-on-methods="org.example.tests.flightreservation.FlightReservationTest.flightsSelectionTest" duration-ms="658" status="PASS">
          <reporter-output>
          </reporter-output>
        </test-method> <!-- flightReservationConfirmationTest -->
        <test-method is-config="true" signature="quitDriver()[pri:0, instance:org.example.tests.flightreservation.FlightReservationTest@1acaf3d]" started-at="2024-11-05T01:00:07 GMT" name="quitDriver" finished-at="2024-11-05T01:00:07 GMT" duration-ms="90" status="PASS">
          <reporter-output>
          </reporter-output>
        </test-method> <!-- quitDriver -->
      </class> <!-- org.example.tests.flightreservation.FlightReservationTest -->
    </test> <!-- passengers-count-1 -->
    <test started-at="2024-11-05T00:59:57 GMT" name="passengers-count-3" finished-at="2024-11-05T01:00:07 GMT" duration-ms="10180">
      <class name="org.example.tests.flightreservation.FlightReservationTest">
        <test-method is-config="true" signature="setDriver(org.testng.ITestContext)[pri:0, instance:org.example.tests.flightreservation.FlightReservationTest@4e31276e]" started-at="2024-11-05T00:59:57 GMT" name="setDriver" finished-at="2024-11-05T01:00:00 GMT" duration-ms="2772" status="PASS">
          <params>
            <param index="0">
              <value>
                <![CDATA[org.testng.TestRunner@78641d23]]>
              </value>
            </param>
          </params>
          <reporter-output>
          </reporter-output>
        </test-method> <!-- setDriver -->
        <test-method is-config="true" signature="setParameters(java.lang.String)[pri:0, instance:org.example.tests.flightreservation.FlightReservationTest@4e31276e]" started-at="2024-11-05T01:00:00 GMT" name="setParameters" finished-at="2024-11-05T01:00:00 GMT" depends-on-methods="org.example.tests.AbstractTest.setDriver" duration-ms="263" status="PASS">
          <params>
            <param index="0">
              <value>
                <![CDATA[test-data/flight-reservation/passenger-3.json]]>
              </value>
            </param>
          </params>
          <reporter-output>
          </reporter-output>
        </test-method> <!-- setParameters -->
        <test-method signature="userRegistrationTest()[pri:0, instance:org.example.tests.flightreservation.FlightReservationTest@4e31276e]" started-at="2024-11-05T01:00:00 GMT" name="userRegistrationTest" finished-at="2024-11-05T01:00:02 GMT" duration-ms="2100" status="PASS">
          <reporter-output>
          </reporter-output>
        </test-method> <!-- userRegistrationTest -->
        <test-method signature="registrationConfirmationTest()[pri:0, instance:org.example.tests.flightreservation.FlightReservationTest@4e31276e]" started-at="2024-11-05T01:00:02 GMT" name="registrationConfirmationTest" finished-at="2024-11-05T01:00:03 GMT" depends-on-methods="org.example.tests.flightreservation.FlightReservationTest.userRegistrationTest" duration-ms="788" status="PASS">
          <reporter-output>
          </reporter-output>
        </test-method> <!-- registrationConfirmationTest -->
        <test-method signature="flightsSearchTest()[pri:0, instance:org.example.tests.flightreservation.FlightReservationTest@4e31276e]" started-at="2024-11-05T01:00:03 GMT" name="flightsSearchTest" finished-at="2024-11-05T01:00:04 GMT" depends-on-methods="org.example.tests.flightreservation.FlightReservationTest.registrationConfirmationTest" duration-ms="1001" status="PASS">
          <reporter-output>
          </reporter-output>
        </test-method> <!-- flightsSearchTest -->
        <test-method signature="flightsSelectionTest()[pri:0, instance:org.example.tests.flightreservation.FlightReservationTest@4e31276e]" started-at="2024-11-05T01:00:04 GMT" name="flightsSelectionTest" finished-at="2024-11-05T01:00:06 GMT" depends-on-methods="org.example.tests.flightreservation.FlightReservationTest.flightsSearchTest" duration-ms="1400" status="PASS">
          <reporter-output>
          </reporter-output>
        </test-method> <!-- flightsSelectionTest -->
        <test-method signature="flightReservationConfirmationTest()[pri:0, instance:org.example.tests.flightreservation.FlightReservationTest@4e31276e]" started-at="2024-11-05T01:00:06 GMT" name="flightReservationConfirmationTest" finished-at="2024-11-05T01:00:07 GMT" depends-on-methods="org.example.tests.flightreservation.FlightReservationTest.flightsSelectionTest" duration-ms="1737" status="PASS">
          <reporter-output>
          </reporter-output>
        </test-method> <!-- flightReservationConfirmationTest -->
        <test-method is-config="true" signature="quitDriver()[pri:0, instance:org.example.tests.flightreservation.FlightReservationTest@4e31276e]" started-at="2024-11-05T01:00:07 GMT" name="quitDriver" finished-at="2024-11-05T01:00:07 GMT" duration-ms="85" status="PASS">
          <reporter-output>
          </reporter-output>
        </test-method> <!-- quitDriver -->
      </class> <!-- org.example.tests.flightreservation.FlightReservationTest -->
    </test> <!-- passengers-count-3 -->
    <test started-at="2024-11-05T00:59:57 GMT" name="passengers-count-4" finished-at="2024-11-05T01:00:08 GMT" duration-ms="10716">
      <class name="org.example.tests.flightreservation.FlightReservationTest">
        <test-method is-config="true" signature="setUpConfig()[pri:0, instance:org.example.tests.flightreservation.FlightReservationTest@198d6542]" started-at="2024-11-05T00:59:57 GMT" name="setUpConfig" finished-at="2024-11-05T00:59:57 GMT" duration-ms="14" status="PASS">
          <reporter-output>
          </reporter-output>
        </test-method> <!-- setUpConfig -->
        <test-method is-config="true" signature="setDriver(org.testng.ITestContext)[pri:0, instance:org.example.tests.flightreservation.FlightReservationTest@198d6542]" started-at="2024-11-05T00:59:57 GMT" name="setDriver" finished-at="2024-11-05T01:00:00 GMT" duration-ms="2773" status="PASS">
          <params>
            <param index="0">
              <value>
                <![CDATA[org.testng.TestRunner@3daf7722]]>
              </value>
            </param>
          </params>
          <reporter-output>
          </reporter-output>
        </test-method> <!-- setDriver -->
        <test-method is-config="true" signature="setParameters(java.lang.String)[pri:0, instance:org.example.tests.flightreservation.FlightReservationTest@198d6542]" started-at="2024-11-05T01:00:00 GMT" name="setParameters" finished-at="2024-11-05T01:00:00 GMT" depends-on-methods="org.example.tests.AbstractTest.setDriver" duration-ms="264" status="PASS">
          <params>
            <param index="0">
              <value>
                <![CDATA[test-data/flight-reservation/passenger-4.json]]>
              </value>
            </param>
          </params>
          <reporter-output>
          </reporter-output>
        </test-method> <!-- setParameters -->
        <test-method signature="userRegistrationTest()[pri:0, instance:org.example.tests.flightreservation.FlightReservationTest@198d6542]" started-at="2024-11-05T01:00:00 GMT" name="userRegistrationTest" finished-at="2024-11-05T01:00:02 GMT" duration-ms="2100" status="PASS">
          <reporter-output>
          </reporter-output>
        </test-method> <!-- userRegistrationTest -->
        <test-method signature="registrationConfirmationTest()[pri:0, instance:org.example.tests.flightreservation.FlightReservationTest@198d6542]" started-at="2024-11-05T01:00:02 GMT" name="registrationConfirmationTest" finished-at="2024-11-05T01:00:03 GMT" depends-on-methods="org.example.tests.flightreservation.FlightReservationTest.userRegistrationTest" duration-ms="226" status="PASS">
          <reporter-output>
          </reporter-output>
        </test-method> <!-- registrationConfirmationTest -->
        <test-method signature="flightsSearchTest()[pri:0, instance:org.example.tests.flightreservation.FlightReservationTest@198d6542]" started-at="2024-11-05T01:00:03 GMT" name="flightsSearchTest" finished-at="2024-11-05T01:00:04 GMT" depends-on-methods="org.example.tests.flightreservation.FlightReservationTest.registrationConfirmationTest" duration-ms="1561" status="PASS">
          <reporter-output>
          </reporter-output>
        </test-method> <!-- flightsSearchTest -->
        <test-method signature="flightsSelectionTest()[pri:0, instance:org.example.tests.flightreservation.FlightReservationTest@198d6542]" started-at="2024-11-05T01:00:04 GMT" name="flightsSelectionTest" finished-at="2024-11-05T01:00:07 GMT" depends-on-methods="org.example.tests.flightreservation.FlightReservationTest.flightsSearchTest" duration-ms="2473" status="PASS">
          <reporter-output>
          </reporter-output>
        </test-method> <!-- flightsSelectionTest -->
        <test-method signature="flightReservationConfirmationTest()[pri:0, instance:org.example.tests.flightreservation.FlightReservationTest@198d6542]" started-at="2024-11-05T01:00:07 GMT" name="flightReservationConfirmationTest" finished-at="2024-11-05T01:00:08 GMT" depends-on-methods="org.example.tests.flightreservation.FlightReservationTest.flightsSelectionTest" duration-ms="1203" status="PASS">
          <reporter-output>
          </reporter-output>
        </test-method> <!-- flightReservationConfirmationTest -->
        <test-method is-config="true" signature="quitDriver()[pri:0, instance:org.example.tests.flightreservation.FlightReservationTest@198d6542]" started-at="2024-11-05T01:00:08 GMT" name="quitDriver" finished-at="2024-11-05T01:00:08 GMT" duration-ms="83" status="PASS">
          <reporter-output>
          </reporter-output>
        </test-method> <!-- quitDriver -->
      </class> <!-- org.example.tests.flightreservation.FlightReservationTest -->
    </test> <!-- passengers-count-4 -->
    <test started-at="2024-11-05T00:59:57 GMT" name="passengers-count-2" finished-at="2024-11-05T01:00:08 GMT" duration-ms="11087">
      <class name="org.example.tests.flightreservation.FlightReservationTest">
        <test-method is-config="true" signature="setDriver(org.testng.ITestContext)[pri:0, instance:org.example.tests.flightreservation.FlightReservationTest@2812b107]" started-at="2024-11-05T00:59:57 GMT" name="setDriver" finished-at="2024-11-05T01:00:00 GMT" duration-ms="2773" status="PASS">
          <params>
            <param index="0">
              <value>
                <![CDATA[org.testng.TestRunner@5f354bcf]]>
              </value>
            </param>
          </params>
          <reporter-output>
          </reporter-output>
        </test-method> <!-- setDriver -->
        <test-method is-config="true" signature="setParameters(java.lang.String)[pri:0, instance:org.example.tests.flightreservation.FlightReservationTest@2812b107]" started-at="2024-11-05T01:00:00 GMT" name="setParameters" finished-at="2024-11-05T01:00:00 GMT" depends-on-methods="org.example.tests.AbstractTest.setDriver" duration-ms="264" status="PASS">
          <params>
            <param index="0">
              <value>
                <![CDATA[test-data/flight-reservation/passenger-2.json]]>
              </value>
            </param>
          </params>
          <reporter-output>
          </reporter-output>
        </test-method> <!-- setParameters -->
        <test-method signature="userRegistrationTest()[pri:0, instance:org.example.tests.flightreservation.FlightReservationTest@2812b107]" started-at="2024-11-05T01:00:00 GMT" name="userRegistrationTest" finished-at="2024-11-05T01:00:02 GMT" duration-ms="2153" status="PASS">
          <reporter-output>
          </reporter-output>
        </test-method> <!-- userRegistrationTest -->
        <test-method signature="registrationConfirmationTest()[pri:0, instance:org.example.tests.flightreservation.FlightReservationTest@2812b107]" started-at="2024-11-05T01:00:02 GMT" name="registrationConfirmationTest" finished-at="2024-11-05T01:00:04 GMT" depends-on-methods="org.example.tests.flightreservation.FlightReservationTest.userRegistrationTest" duration-ms="1295" status="PASS">
          <reporter-output>
          </reporter-output>
        </test-method> <!-- registrationConfirmationTest -->
        <test-method signature="flightsSearchTest()[pri:0, instance:org.example.tests.flightreservation.FlightReservationTest@2812b107]" started-at="2024-11-05T01:00:04 GMT" name="flightsSearchTest" finished-at="2024-11-05T01:00:06 GMT" depends-on-methods="org.example.tests.flightreservation.FlightReservationTest.registrationConfirmationTest" duration-ms="2482" status="PASS">
          <reporter-output>
          </reporter-output>
        </test-method> <!-- flightsSearchTest -->
        <test-method signature="flightsSelectionTest()[pri:0, instance:org.example.tests.flightreservation.FlightReservationTest@2812b107]" started-at="2024-11-05T01:00:06 GMT" name="flightsSelectionTest" finished-at="2024-11-05T01:00:08 GMT" depends-on-methods="org.example.tests.flightreservation.FlightReservationTest.flightsSearchTest" duration-ms="1345" status="PASS">
          <reporter-output>
          </reporter-output>
        </test-method> <!-- flightsSelectionTest -->
        <test-method signature="flightReservationConfirmationTest()[pri:0, instance:org.example.tests.flightreservation.FlightReservationTest@2812b107]" started-at="2024-11-05T01:00:08 GMT" name="flightReservationConfirmationTest" finished-at="2024-11-05T01:00:08 GMT" depends-on-methods="org.example.tests.flightreservation.FlightReservationTest.flightsSelectionTest" duration-ms="668" status="PASS">
          <reporter-output>
          </reporter-output>
        </test-method> <!-- flightReservationConfirmationTest -->
        <test-method is-config="true" signature="quitDriver()[pri:0, instance:org.example.tests.flightreservation.FlightReservationTest@2812b107]" started-at="2024-11-05T01:00:08 GMT" name="quitDriver" finished-at="2024-11-05T01:00:08 GMT" duration-ms="80" status="PASS">
          <reporter-output>
          </reporter-output>
        </test-method> <!-- quitDriver -->
      </class> <!-- org.example.tests.flightreservation.FlightReservationTest -->
    </test> <!-- passengers-count-2 -->
  </suite> <!-- flight-reservation -->
</testng-results>
